
> backend@1.0.0 dev
> nodemon server.js

[33m[nodemon] 3.1.10[39m
[33m[nodemon] to restart at any time, enter `Rs`[39m
[33m[nodemon] watching path(s): *.*[39m
[33m[nodemon] watching extensions: js,mjs,cjs,json[39m
[32m[nodemon] starting `node server.js`[39m
[dotenv@17.2.2] injecting env (5) from .env -- tip: 🔐 prevent building .env in docker: https://dotenvx.com/prebuild
(node:27733) [MONGODB DRIVER] Warning: useNewUrlPaRser is a deprecated option: useNewUrlPaRser has no effect since Node.js Driver veRsion 4.0.0 and will be removed in the next major veRsion
(Use `node --trace-warnings ...` to show where the warning was created)
(node:27733) [MONGODB DRIVER] Warning: useUnifiedTopology is a deprecated option: useUnifiedTopology has no effect since Node.js Driver veRsion 4.0.0 and will be removed in the next major veRsion
Server running in development mode on port 5000
MongoDB connected: localhost
node:events:496
      throw er; // Unhandled 'error' event
      ^

Error: read EIO
    at TTY.onStreamRead (node:internal/stream_base_commons:216:20)
Emitted 'error' event on ReadStream instance at:
    at emitErrorNT (node:internal/streams/destroy:170:8)
    at emitErrorCloseNT (node:internal/streams/destroy:129:3)
    at process.processTicksAndRejections (node:internal/process/task_queues:90:21) {
  errno: -5,
  code: 'EIO',
  syscall: 'read'
}

Node.js v22.17.1
[2025-09-07T19:47:27.760Z] ValidationError: Order validation failed: orderNumber: Path `orderNumber` is required.
    at Document.invalidate (/UseRs/basitmalik/Downloads/restaurant-pos-system/backend/node_modules/mongoose/lib/document.js:3358:32)
    at /UseRs/basitmalik/Downloads/restaurant-pos-system/backend/node_modules/mongoose/lib/document.js:3119:17
    at /UseRs/basitmalik/Downloads/restaurant-pos-system/backend/node_modules/mongoose/lib/schemaType.js:1416:9
    at process.processTicksAndRejections (node:internal/process/task_queues:85:11)
[2025-09-07T19:48:08.393Z] ValidationError: Order validation failed: orderNumber: Path `orderNumber` is required.
    at Document.invalidate (/UseRs/basitmalik/Downloads/restaurant-pos-system/backend/node_modules/mongoose/lib/document.js:3358:32)
    at /UseRs/basitmalik/Downloads/restaurant-pos-system/backend/node_modules/mongoose/lib/document.js:3119:17
    at /UseRs/basitmalik/Downloads/restaurant-pos-system/backend/node_modules/mongoose/lib/schemaType.js:1416:9
    at process.processTicksAndRejections (node:internal/process/task_queues:85:11)
[2025-09-07T19:49:19.577Z] ValidationError: Order validation failed: orderNumber: Path `orderNumber` is required.
    at Document.invalidate (/UseRs/basitmalik/Downloads/restaurant-pos-system/backend/node_modules/mongoose/lib/document.js:3358:32)
    at /UseRs/basitmalik/Downloads/restaurant-pos-system/backend/node_modules/mongoose/lib/document.js:3119:17
    at /UseRs/basitmalik/Downloads/restaurant-pos-system/backend/node_modules/mongoose/lib/schemaType.js:1416:9
    at process.processTicksAndRejections (node:internal/process/task_queues:85:11)
[2025-09-07T19:50:02.841Z] ValidationError: Order validation failed: orderNumber: Path `orderNumber` is required.
    at Document.invalidate (/UseRs/basitmalik/Downloads/restaurant-pos-system/backend/node_modules/mongoose/lib/document.js:3358:32)
    at /UseRs/basitmalik/Downloads/restaurant-pos-system/backend/node_modules/mongoose/lib/document.js:3119:17
    at /UseRs/basitmalik/Downloads/restaurant-pos-system/backend/node_modules/mongoose/lib/schemaType.js:1416:9
    at process.processTicksAndRejections (node:internal/process/task_queues:85:11)
[2025-09-07T19:50:27.402Z] ValidationError: Order validation failed: orderNumber: Path `orderNumber` is required.
    at Document.invalidate (/UseRs/basitmalik/Downloads/restaurant-pos-system/backend/node_modules/mongoose/lib/document.js:3358:32)
    at /UseRs/basitmalik/Downloads/restaurant-pos-system/backend/node_modules/mongoose/lib/document.js:3119:17
    at /UseRs/basitmalik/Downloads/restaurant-pos-system/backend/node_modules/mongoose/lib/schemaType.js:1416:9
    at process.processTicksAndRejections (node:internal/process/task_queues:85:11)
[2025-09-07T19:52:04.426Z] ValidationError: Order validation failed: orderNumber: Path `orderNumber` is required.
    at Document.invalidate (/UseRs/basitmalik/Downloads/restaurant-pos-system/backend/node_modules/mongoose/lib/document.js:3358:32)
    at /UseRs/basitmalik/Downloads/restaurant-pos-system/backend/node_modules/mongoose/lib/document.js:3119:17
    at /UseRs/basitmalik/Downloads/restaurant-pos-system/backend/node_modules/mongoose/lib/schemaType.js:1416:9
    at process.processTicksAndRejections (node:internal/process/task_queues:85:11)
